Removed Pin From Net: NetName=PA0 Pin=J4-4
Removed Pin From Net: NetName=VSSA Pin=J4-5
Removed Pin From Net: NetName=PA1 Pin=J4-6
Removed Pin From Net: NetName=VREFA Pin=J4-7
Removed Pin From Net: NetName=PA2 Pin=J4-8
Removed Pin From Net: NetName=VDDA Pin=J4-9
Removed Pin From Net: NetName=LED_PA3 Pin=J4-10
Removed Pin From Net: NetName=PC13 Pin=J4-12
Removed Pin From Net: NetName=PC15 Pin=J4-16
Removed Pin From Net: NetName=PC0 Pin=J4-18
Removed Pin From Net: NetName=GND Pin=J4-19
Removed Pin From Net: NetName=PC1 Pin=J4-20
Removed Pin From Net: NetName=PC2 Pin=J4-22
Removed Pin From Net: NetName=PC3 Pin=J4-24
Added Pin To Net: NetName=LED_PA3 Pin=J4-4
Added Pin To Net: NetName=PA2 Pin=J4-6
Added Pin To Net: NetName=PA1 Pin=J4-8
Added Pin To Net: NetName=PA0 Pin=J4-10
Added Pin To Net: NetName=PC15 Pin=J4-12
Added Pin To Net: NetName=PC13 Pin=J4-16
Added Pin To Net: NetName=PC3 Pin=J4-18
Added Pin To Net: NetName=VSSA Pin=J4-19
Added Pin To Net: NetName=PC2 Pin=J4-20
Added Pin To Net: NetName=VREFA Pin=J4-21
Added Pin To Net: NetName=PC1 Pin=J4-22
Added Pin To Net: NetName=VDDA Pin=J4-23
Added Pin To Net: NetName=PC0 Pin=J4-24
