Removed Pin From Net: NetName=LV tr Pin=J4-2
Removed Pin From Net: NetName=LED_PE2 Pin=J4-4
Removed Pin From Net: NetName=PE3 Pin=J4-6
Removed Pin From Net: NetName=PE4 Pin=J4-8
Removed Pin From Net: NetName=PE5 Pin=J4-10
Removed Pin From Net: NetName=PE6 Pin=J4-12
Removed Pin From Net: NetName=PC13 Pin=J4-14
Removed Pin From Net: NetName=PC14 Pin=J4-16
Removed Pin From Net: NetName=PC15 Pin=J4-18
Removed Pin From Net: NetName=PA0 Pin=J4-19
Removed Pin From Net: NetName=PC0 Pin=J4-20
Removed Pin From Net: NetName=PA1 Pin=J4-21
Removed Pin From Net: NetName=PC1 Pin=J4-22
Removed Pin From Net: NetName=PA2 Pin=J4-23
Removed Pin From Net: NetName=PC2 Pin=J4-24
Removed Pin From Net: NetName=LED_PA3 Pin=J4-25
Removed Pin From Net: NetName=PC3 Pin=J4-26
Removed Pin From Net: NetName=+5 Pin=J4-27
Removed Pin From Net: NetName=GND Pin=J4-28
Added Pin To Net: NetName=LED_PE2 Pin=J4-2
Added Pin To Net: NetName=LV tr Pin=J4-3
Added Pin To Net: NetName=PE3 Pin=J4-4
Added Pin To Net: NetName=PE4 Pin=J4-6
Added Pin To Net: NetName=PE5 Pin=J4-8
Added Pin To Net: NetName=PE6 Pin=J4-10
Added Pin To Net: NetName=PC13 Pin=J4-12
Added Pin To Net: NetName=PC14 Pin=J4-14
Added Pin To Net: NetName=PC15 Pin=J4-16
Added Pin To Net: NetName=PC0 Pin=J4-18
Added Pin To Net: NetName=GND Pin=J4-19
Added Pin To Net: NetName=PC1 Pin=J4-20
Added Pin To Net: NetName=+5 Pin=J4-21
Added Pin To Net: NetName=PC2 Pin=J4-22
Added Pin To Net: NetName=PC3 Pin=J4-24
Added Pin To Net: NetName=PA2 Pin=J4-25
Added Pin To Net: NetName=PA0 Pin=J4-26
Added Pin To Net: NetName=LED_PA3 Pin=J4-27
Added Pin To Net: NetName=PA1 Pin=J4-28
