Removed Pin From Net: NetName=PA0 Pin=J4-3
Removed Pin From Net: NetName=PA1 Pin=J4-5
Removed Pin From Net: NetName=PA2 Pin=J4-7
Removed Pin From Net: NetName=LED_PA3 Pin=J4-9
Removed Pin From Net: NetName=VSSA Pin=J4-13
Removed Pin From Net: NetName=VREFA Pin=J4-15
Removed Pin From Net: NetName=VDDA Pin=J4-17
Removed Pin From Net: NetName=PA7 Pin=J4-19
Removed Pin From Net: NetName=PA6 Pin=J4-21
Removed Pin From Net: NetName=PA5 Pin=J4-23
Removed Pin From Net: NetName=PA4 Pin=J4-25
Added Pin To Net: NetName=VSSA Pin=J4-5
Added Pin To Net: NetName=VREFA Pin=J4-7
Added Pin To Net: NetName=VDDA Pin=J4-9
Added Pin To Net: NetName=PA7 Pin=J4-11
Added Pin To Net: NetName=PA6 Pin=J4-13
Added Pin To Net: NetName=PA5 Pin=J4-15
Added Pin To Net: NetName=PA4 Pin=J4-17
Added Pin To Net: NetName=PA0 Pin=J4-19
Added Pin To Net: NetName=PA1 Pin=J4-21
Added Pin To Net: NetName=PA2 Pin=J4-23
Added Pin To Net: NetName=LED_PA3 Pin=J4-25
