Add Component: Footprint Not Found 61002821821
Add Component: Footprint Not Found 62202821821
Add Component: Footprint Not Found 61002821821
Add Component: Footprint Not Found 62202821821
Add Component: Footprint Not Found 61002821821
Add Component: Footprint Not Found 62202821821
Add Component: Footprint Not Found 61002821821
Add Component: Footprint Not Found 62202821821
Add Pin To Net: Unknown Pin: Pin J4-1
Add Pin To Net: Unknown Pin: Pin J4-2
Add Pin To Net: Unknown Pin: Pin J4-3
Add Pin To Net: Unknown Pin: Pin J4-4
Add Pin To Net: Unknown Pin: Pin J4-5
Add Pin To Net: Unknown Pin: Pin J4-6
Add Pin To Net: Unknown Pin: Pin J4-7
Add Pin To Net: Unknown Pin: Pin J4-8
Add Pin To Net: Unknown Pin: Pin J4-9
Add Pin To Net: Unknown Pin: Pin J4-10
Add Pin To Net: Unknown Pin: Pin J4-11
Add Pin To Net: Unknown Pin: Pin J4-12
Add Pin To Net: Unknown Pin: Pin J4-13
Add Pin To Net: Unknown Pin: Pin J4-14
Add Pin To Net: Unknown Pin: Pin J4-15
Add Pin To Net: Unknown Pin: Pin J4-16
Add Pin To Net: Unknown Pin: Pin J4-17
Add Pin To Net: Unknown Pin: Pin J4-18
Add Pin To Net: Unknown Pin: Pin J4-19
Add Pin To Net: Unknown Pin: Pin J4-20
Add Pin To Net: Unknown Pin: Pin J4-21
Add Pin To Net: Unknown Pin: Pin J4-22
Add Pin To Net: Unknown Pin: Pin J4-23
Add Pin To Net: Unknown Pin: Pin J4-24
Add Pin To Net: Unknown Pin: Pin J4-25
Add Pin To Net: Unknown Pin: Pin J4-26
Add Pin To Net: Unknown Pin: Pin J4-27
Add Pin To Net: Unknown Pin: Pin J4-28
Add Pin To Net: Unknown Pin: Pin J4_-1
Add Pin To Net: Unknown Pin: Pin J4_-2
Add Pin To Net: Unknown Pin: Pin J4_-3
Add Pin To Net: Unknown Pin: Pin J4_-4
Add Pin To Net: Unknown Pin: Pin J4_-5
Add Pin To Net: Unknown Pin: Pin J4_-6
Add Pin To Net: Unknown Pin: Pin J4_-7
Add Pin To Net: Unknown Pin: Pin J4_-8
Add Pin To Net: Unknown Pin: Pin J4_-9
Add Pin To Net: Unknown Pin: Pin J4_-10
Add Pin To Net: Unknown Pin: Pin J4_-11
Add Pin To Net: Unknown Pin: Pin J4_-12
Add Pin To Net: Unknown Pin: Pin J4_-13
Add Pin To Net: Unknown Pin: Pin J4_-14
Add Pin To Net: Unknown Pin: Pin J4_-15
Add Pin To Net: Unknown Pin: Pin J4_-16
Add Pin To Net: Unknown Pin: Pin J4_-17
Add Pin To Net: Unknown Pin: Pin J4_-18
Add Pin To Net: Unknown Pin: Pin J4_-19
Add Pin To Net: Unknown Pin: Pin J4_-20
Add Pin To Net: Unknown Pin: Pin J4_-21
Add Pin To Net: Unknown Pin: Pin J4_-22
Add Pin To Net: Unknown Pin: Pin J4_-23
Add Pin To Net: Unknown Pin: Pin J4_-24
Add Pin To Net: Unknown Pin: Pin J4_-25
Add Pin To Net: Unknown Pin: Pin J4_-26
Add Pin To Net: Unknown Pin: Pin J4_-27
Add Pin To Net: Unknown Pin: Pin J4_-28
Add Pin To Net: Unknown Pin: Pin J5-1
Add Pin To Net: Unknown Pin: Pin J5-2
Add Pin To Net: Unknown Pin: Pin J5-3
Add Pin To Net: Unknown Pin: Pin J5-4
Add Pin To Net: Unknown Pin: Pin J5-5
Add Pin To Net: Unknown Pin: Pin J5-6
Add Pin To Net: Unknown Pin: Pin J5-7
Add Pin To Net: Unknown Pin: Pin J5-8
Add Pin To Net: Unknown Pin: Pin J5-9
Add Pin To Net: Unknown Pin: Pin J5-10
Add Pin To Net: Unknown Pin: Pin J5-11
Add Pin To Net: Unknown Pin: Pin J5-12
Add Pin To Net: Unknown Pin: Pin J5-13
Add Pin To Net: Unknown Pin: Pin J5-14
Add Pin To Net: Unknown Pin: Pin J5-15
Add Pin To Net: Unknown Pin: Pin J5-16
Add Pin To Net: Unknown Pin: Pin J5-17
Add Pin To Net: Unknown Pin: Pin J5-18
Add Pin To Net: Unknown Pin: Pin J5-19
Add Pin To Net: Unknown Pin: Pin J5-20
Add Pin To Net: Unknown Pin: Pin J5-21
Add Pin To Net: Unknown Pin: Pin J5-22
Add Pin To Net: Unknown Pin: Pin J5-23
Add Pin To Net: Unknown Pin: Pin J5-24
Add Pin To Net: Unknown Pin: Pin J5-25
Add Pin To Net: Unknown Pin: Pin J5-26
Add Pin To Net: Unknown Pin: Pin J5-27
Add Pin To Net: Unknown Pin: Pin J5-28
Add Pin To Net: Unknown Pin: Pin J5_-1
Add Pin To Net: Unknown Pin: Pin J5_-2
Add Pin To Net: Unknown Pin: Pin J5_-3
Add Pin To Net: Unknown Pin: Pin J5_-4
Add Pin To Net: Unknown Pin: Pin J5_-5
Add Pin To Net: Unknown Pin: Pin J5_-6
Add Pin To Net: Unknown Pin: Pin J5_-7
Add Pin To Net: Unknown Pin: Pin J5_-8
Add Pin To Net: Unknown Pin: Pin J5_-9
Add Pin To Net: Unknown Pin: Pin J5_-10
Add Pin To Net: Unknown Pin: Pin J5_-11
Add Pin To Net: Unknown Pin: Pin J5_-12
Add Pin To Net: Unknown Pin: Pin J5_-13
Add Pin To Net: Unknown Pin: Pin J5_-14
Add Pin To Net: Unknown Pin: Pin J5_-15
Add Pin To Net: Unknown Pin: Pin J5_-16
Add Pin To Net: Unknown Pin: Pin J5_-17
Add Pin To Net: Unknown Pin: Pin J5_-18
Add Pin To Net: Unknown Pin: Pin J5_-19
Add Pin To Net: Unknown Pin: Pin J5_-20
Add Pin To Net: Unknown Pin: Pin J5_-21
Add Pin To Net: Unknown Pin: Pin J5_-22
Add Pin To Net: Unknown Pin: Pin J5_-23
Add Pin To Net: Unknown Pin: Pin J5_-24
Add Pin To Net: Unknown Pin: Pin J5_-25
Add Pin To Net: Unknown Pin: Pin J5_-26
Add Pin To Net: Unknown Pin: Pin J5_-27
Add Pin To Net: Unknown Pin: Pin J5_-28
Add Pin To Net: Unknown Pin: Pin J6-1
Add Pin To Net: Unknown Pin: Pin J6-2
Add Pin To Net: Unknown Pin: Pin J6-3
Add Pin To Net: Unknown Pin: Pin J6-4
Add Pin To Net: Unknown Pin: Pin J6-5
Add Pin To Net: Unknown Pin: Pin J6-6
Add Pin To Net: Unknown Pin: Pin J6-7
Add Pin To Net: Unknown Pin: Pin J6-8
Add Pin To Net: Unknown Pin: Pin J6-9
Add Pin To Net: Unknown Pin: Pin J6-10
Add Pin To Net: Unknown Pin: Pin J6-11
Add Pin To Net: Unknown Pin: Pin J6-12
Add Pin To Net: Unknown Pin: Pin J6-13
Add Pin To Net: Unknown Pin: Pin J6-14
Add Pin To Net: Unknown Pin: Pin J6-15
Add Pin To Net: Unknown Pin: Pin J6-16
Add Pin To Net: Unknown Pin: Pin J6-17
Add Pin To Net: Unknown Pin: Pin J6-18
Add Pin To Net: Unknown Pin: Pin J6-19
Add Pin To Net: Unknown Pin: Pin J6-20
Add Pin To Net: Unknown Pin: Pin J6-21
Add Pin To Net: Unknown Pin: Pin J6-22
Add Pin To Net: Unknown Pin: Pin J6-23
Add Pin To Net: Unknown Pin: Pin J6-24
Add Pin To Net: Unknown Pin: Pin J6-25
Add Pin To Net: Unknown Pin: Pin J6-26
Add Pin To Net: Unknown Pin: Pin J6-27
Add Pin To Net: Unknown Pin: Pin J6-28
Add Pin To Net: Unknown Pin: Pin J6_-1
Add Pin To Net: Unknown Pin: Pin J6_-2
Add Pin To Net: Unknown Pin: Pin J6_-3
Add Pin To Net: Unknown Pin: Pin J6_-4
Add Pin To Net: Unknown Pin: Pin J6_-5
Add Pin To Net: Unknown Pin: Pin J6_-6
Add Pin To Net: Unknown Pin: Pin J6_-7
Add Pin To Net: Unknown Pin: Pin J6_-8
Add Pin To Net: Unknown Pin: Pin J6_-9
Add Pin To Net: Unknown Pin: Pin J6_-10
Add Pin To Net: Unknown Pin: Pin J6_-11
Add Pin To Net: Unknown Pin: Pin J6_-12
Add Pin To Net: Unknown Pin: Pin J6_-13
Add Pin To Net: Unknown Pin: Pin J6_-14
Add Pin To Net: Unknown Pin: Pin J6_-15
Add Pin To Net: Unknown Pin: Pin J6_-16
Add Pin To Net: Unknown Pin: Pin J6_-17
Add Pin To Net: Unknown Pin: Pin J6_-18
Add Pin To Net: Unknown Pin: Pin J6_-19
Add Pin To Net: Unknown Pin: Pin J6_-20
Add Pin To Net: Unknown Pin: Pin J6_-21
Add Pin To Net: Unknown Pin: Pin J6_-22
Add Pin To Net: Unknown Pin: Pin J6_-23
Add Pin To Net: Unknown Pin: Pin J6_-24
Add Pin To Net: Unknown Pin: Pin J6_-25
Add Pin To Net: Unknown Pin: Pin J6_-26
Add Pin To Net: Unknown Pin: Pin J6_-27
Add Pin To Net: Unknown Pin: Pin J6_-28
Add Pin To Net: Unknown Pin: Pin J7-1
Add Pin To Net: Unknown Pin: Pin J7-2
Add Pin To Net: Unknown Pin: Pin J7-3
Add Pin To Net: Unknown Pin: Pin J7-4
Add Pin To Net: Unknown Pin: Pin J7-5
Add Pin To Net: Unknown Pin: Pin J7-6
Add Pin To Net: Unknown Pin: Pin J7-7
Add Pin To Net: Unknown Pin: Pin J7-8
Add Pin To Net: Unknown Pin: Pin J7-9
Add Pin To Net: Unknown Pin: Pin J7-10
Add Pin To Net: Unknown Pin: Pin J7-11
Add Pin To Net: Unknown Pin: Pin J7-12
Add Pin To Net: Unknown Pin: Pin J7-13
Add Pin To Net: Unknown Pin: Pin J7-14
Add Pin To Net: Unknown Pin: Pin J7-15
Add Pin To Net: Unknown Pin: Pin J7-16
Add Pin To Net: Unknown Pin: Pin J7-17
Add Pin To Net: Unknown Pin: Pin J7-18
Add Pin To Net: Unknown Pin: Pin J7-19
Add Pin To Net: Unknown Pin: Pin J7-20
Add Pin To Net: Unknown Pin: Pin J7-21
Add Pin To Net: Unknown Pin: Pin J7-22
Add Pin To Net: Unknown Pin: Pin J7-23
Add Pin To Net: Unknown Pin: Pin J7-24
Add Pin To Net: Unknown Pin: Pin J7-25
Add Pin To Net: Unknown Pin: Pin J7-26
Add Pin To Net: Unknown Pin: Pin J7-27
Add Pin To Net: Unknown Pin: Pin J7-28
Add Pin To Net: Unknown Pin: Pin J7_-1
Add Pin To Net: Unknown Pin: Pin J7_-2
Add Pin To Net: Unknown Pin: Pin J7_-3
Add Pin To Net: Unknown Pin: Pin J7_-4
Add Pin To Net: Unknown Pin: Pin J7_-5
Add Pin To Net: Unknown Pin: Pin J7_-6
Add Pin To Net: Unknown Pin: Pin J7_-7
Add Pin To Net: Unknown Pin: Pin J7_-8
Add Pin To Net: Unknown Pin: Pin J7_-9
Add Pin To Net: Unknown Pin: Pin J7_-10
Add Pin To Net: Unknown Pin: Pin J7_-11
Add Pin To Net: Unknown Pin: Pin J7_-12
Add Pin To Net: Unknown Pin: Pin J7_-13
Add Pin To Net: Unknown Pin: Pin J7_-14
Add Pin To Net: Unknown Pin: Pin J7_-15
Add Pin To Net: Unknown Pin: Pin J7_-16
Add Pin To Net: Unknown Pin: Pin J7_-17
Add Pin To Net: Unknown Pin: Pin J7_-18
Add Pin To Net: Unknown Pin: Pin J7_-19
Add Pin To Net: Unknown Pin: Pin J7_-20
Add Pin To Net: Unknown Pin: Pin J7_-21
Add Pin To Net: Unknown Pin: Pin J7_-22
Add Pin To Net: Unknown Pin: Pin J7_-23
Add Pin To Net: Unknown Pin: Pin J7_-24
Add Pin To Net: Unknown Pin: Pin J7_-25
Add Pin To Net: Unknown Pin: Pin J7_-26
Add Pin To Net: Unknown Pin: Pin J7_-27
Add Pin To Net: Unknown Pin: Pin J7_-28
Add Class Member: Failed to add class member : Component J4_ 61002821821
Add Class Member: Failed to add class member : Component J4 62202821821
Add Class Member: Failed to add class member : Component J5_ 61002821821
Add Class Member: Failed to add class member : Component J5 62202821821
Add Class Member: Failed to add class member : Component J6_ 61002821821
Add Class Member: Failed to add class member : Component J6 62202821821
Add Class Member: Failed to add class member : Component J7_ 61002821821
Add Class Member: Failed to add class member : Component J7 62202821821
